Release 14.7 - xst P.20131013 (nt64)
Copyright (c) 1995-2013 Xilinx, Inc.  All rights reserved.
--> Parameter TMPDIR set to xst/projnav.tmp


Total REAL time to Xst completion: 0.00 secs
Total CPU time to Xst completion: 0.10 secs
 
--> Parameter xsthdpdir set to xst


Total REAL time to Xst completion: 0.00 secs
Total CPU time to Xst completion: 0.10 secs
 
--> Reading design: SW_KeyBoard.prj

TABLE OF CONTENTS
  1) Synthesis Options Summary
  2) HDL Compilation
  3) Design Hierarchy Analysis
  4) HDL Analysis
  5) HDL Synthesis
     5.1) HDL Synthesis Report
  6) Advanced HDL Synthesis
     6.1) Advanced HDL Synthesis Report
  7) Low Level Synthesis
  8) Partition Report
  9) Final Report
	9.1) Device utilization summary
	9.2) Partition Resource Summary
	9.3) TIMING REPORT


=========================================================================
*                      Synthesis Options Summary                        *
=========================================================================
---- Source Parameters
Input File Name                    : "SW_KeyBoard.prj"
Input Format                       : mixed
Ignore Synthesis Constraint File   : NO

---- Target Parameters
Output File Name                   : "SW_KeyBoard"
Output Format                      : NGC
Target Device                      : xc3s500e-5-fg320

---- Source Options
Top Module Name                    : SW_KeyBoard
Automatic FSM Extraction           : YES
FSM Encoding Algorithm             : Auto
Safe Implementation                : No
FSM Style                          : LUT
RAM Extraction                     : Yes
RAM Style                          : Auto
ROM Extraction                     : Yes
Mux Style                          : Auto
Decoder Extraction                 : YES
Priority Encoder Extraction        : Yes
Shift Register Extraction          : YES
Logical Shifter Extraction         : YES
XOR Collapsing                     : YES
ROM Style                          : Auto
Mux Extraction                     : Yes
Resource Sharing                   : YES
Asynchronous To Synchronous        : NO
Multiplier Style                   : Auto
Automatic Register Balancing       : No

---- Target Options
Add IO Buffers                     : YES
Global Maximum Fanout              : 500
Add Generic Clock Buffer(BUFG)     : 24
Register Duplication               : YES
Slice Packing                      : YES
Optimize Instantiated Primitives   : NO
Use Clock Enable                   : Yes
Use Synchronous Set                : Yes
Use Synchronous Reset              : Yes
Pack IO Registers into IOBs        : Auto
Equivalent register Removal        : YES

---- General Options
Optimization Goal                  : Speed
Optimization Effort                : 1
Keep Hierarchy                     : No
Netlist Hierarchy                  : As_Optimized
RTL Output                         : Yes
Global Optimization                : AllClockNets
Read Cores                         : YES
Write Timing Constraints           : NO
Cross Clock Analysis               : NO
Hierarchy Separator                : /
Bus Delimiter                      : <>
Case Specifier                     : Maintain
Slice Utilization Ratio            : 100
BRAM Utilization Ratio             : 100
Verilog 2001                       : YES
Auto BRAM Packing                  : NO
Slice Utilization Ratio Delta      : 5

=========================================================================


=========================================================================
*                          HDL Compilation                              *
=========================================================================
Compiling verilog file "SW_KeyBoard.v" in library work
Module <SW_KeyBoard> compiled
No errors in compilation
Analysis of file <"SW_KeyBoard.prj"> succeeded.
 

=========================================================================
*                     Design Hierarchy Analysis                         *
=========================================================================
Analyzing hierarchy for module <SW_KeyBoard> in library <work>.


=========================================================================
*                            HDL Analysis                               *
=========================================================================
Analyzing top module <SW_KeyBoard>.
Module <SW_KeyBoard> is correct for synthesis.
 

=========================================================================
*                           HDL Synthesis                               *
=========================================================================

Performing bidirectional port resolution...

Synthesizing Unit <SW_KeyBoard>.
    Related source file is "SW_KeyBoard.v".
    Found 4-bit register for signal <led>.
    Found 4-bit up counter for signal <b>.
    Found 4-bit comparator lessequal for signal <b$cmp_le0000> created at line 103.
    Found 26-bit up counter for signal <counter>.
    Found 8-bit register for signal <data_curr>.
    Found 1-bit register for signal <dummy>.
    Found 1-bit register for signal <flag>.
    Found 4-bit adder for signal <led$addsub0000> created at line 70.
    Found 26-bit adder for signal <old_counter_1$add0000> created at line 60.
    Found 1-bit register for signal <pause>.
    Found 1-bit register for signal <reset>.
    Found 1-bit register for signal <start>.
    Summary:
	inferred   2 Counter(s).
	inferred  17 D-type flip-flop(s).
	inferred   2 Adder/Subtractor(s).
	inferred   1 Comparator(s).
Unit <SW_KeyBoard> synthesized.


=========================================================================
HDL Synthesis Report

Macro Statistics
# Adders/Subtractors                                   : 2
 26-bit adder                                          : 1
 4-bit adder                                           : 1
# Counters                                             : 2
 26-bit up counter                                     : 1
 4-bit up counter                                      : 1
# Registers                                            : 14
 1-bit register                                        : 13
 4-bit register                                        : 1
# Comparators                                          : 1
 4-bit comparator lessequal                            : 1

=========================================================================

=========================================================================
*                       Advanced HDL Synthesis                          *
=========================================================================


=========================================================================
Advanced HDL Synthesis Report

Macro Statistics
# Adders/Subtractors                                   : 2
 26-bit adder                                          : 1
 4-bit adder                                           : 1
# Counters                                             : 2
 26-bit up counter                                     : 1
 4-bit up counter                                      : 1
# Registers                                            : 17
 Flip-Flops                                            : 17
# Comparators                                          : 1
 4-bit comparator lessequal                            : 1

=========================================================================

=========================================================================
*                         Low Level Synthesis                           *
=========================================================================

Optimizing unit <SW_KeyBoard> ...

Mapping all equations...
Building and optimizing final netlist ...
Found area constraint ratio of 100 (+ 5) on block SW_KeyBoard, actual ratio is 1.

Final Macro Processing ...

=========================================================================
Final Register Report

Macro Statistics
# Registers                                            : 47
 Flip-Flops                                            : 47

=========================================================================

=========================================================================
*                           Partition Report                            *
=========================================================================

Partition Implementation Status
-------------------------------

  No Partitions were found in this design.

-------------------------------

=========================================================================
*                            Final Report                               *
=========================================================================
Final Results
RTL Top Level Output File Name     : SW_KeyBoard.ngr
Top Level Output File Name         : SW_KeyBoard
Output Format                      : NGC
Optimization Goal                  : Speed
Keep Hierarchy                     : No

Design Statistics
# IOs                              : 7

Cell Usage :
# BELS                             : 213
#      GND                         : 1
#      INV                         : 6
#      LUT1                        : 50
#      LUT2                        : 4
#      LUT3                        : 7
#      LUT4                        : 32
#      MUXCY                       : 57
#      MUXF5                       : 3
#      VCC                         : 1
#      XORCY                       : 52
# FlipFlops/Latches                : 47
#      FD                          : 4
#      FD_1                        : 1
#      FDE_1                       : 8
#      FDR                         : 3
#      FDRE                        : 29
#      FDSE                        : 2
# Clock Buffers                    : 2
#      BUFGP                       : 2
# IO Buffers                       : 5
#      IBUF                        : 1
#      OBUF                        : 4
=========================================================================

Device utilization summary:
---------------------------

Selected Device : 3s500efg320-5 

 Number of Slices:                       59  out of   4656     1%  
 Number of Slice Flip Flops:             47  out of   9312     0%  
 Number of 4 input LUTs:                 99  out of   9312     1%  
 Number of IOs:                           7
 Number of bonded IOBs:                   7  out of    232     3%  
 Number of GCLKs:                         2  out of     24     8%  

---------------------------
Partition Resource Summary:
---------------------------

  No Partitions were found in this design.

---------------------------


=========================================================================
TIMING REPORT

NOTE: THESE TIMING NUMBERS ARE ONLY A SYNTHESIS ESTIMATE.
      FOR ACCURATE TIMING INFORMATION PLEASE REFER TO THE TRACE REPORT
      GENERATED AFTER PLACE-and-ROUTE.

Clock Information:
------------------
-----------------------------------+------------------------+-------+
Clock Signal                       | Clock buffer(FF name)  | Load  |
-----------------------------------+------------------------+-------+
clock2                             | BUFGP                  | 31    |
clock                              | BUFGP                  | 13    |
flag                               | NONE(pause)            | 3     |
-----------------------------------+------------------------+-------+
INFO:Xst:2169 - HDL ADVISOR - Some clock signals were not automatically buffered by XST with BUFG/BUFR resources. Please use the buffer_type constraint in order to insert these buffers to the clock signals to help prevent skew problems.

Asynchronous Control Signals Information:
----------------------------------------
No asynchronous control signals found in this design

Timing Summary:
---------------
Speed Grade: -5

   Minimum period: 8.852ns (Maximum Frequency: 112.965MHz)
   Minimum input arrival time before clock: 2.017ns
   Maximum output required time after clock: 4.221ns
   Maximum combinational path delay: No path found

Timing Detail:
--------------
All values displayed in nanoseconds (ns)

=========================================================================
Timing constraint: Default period analysis for Clock 'clock2'
  Clock period: 8.852ns (frequency: 112.965MHz)
  Total number of paths / destination ports: 10947 / 82
-------------------------------------------------------------------------
Delay:               8.852ns (Levels of Logic = 28)
  Source:            counter_1 (FF)
  Destination:       counter_0 (FF)
  Source Clock:      clock2 rising
  Destination Clock: clock2 rising

  Data Path: counter_1 to counter_0
                                Gate     Net
    Cell:in->out      fanout   Delay   Delay  Logical Name (Net Name)
    ----------------------------------------  ------------
     FDRE:C->Q             2   0.514   0.532  counter_1 (counter_1)
     LUT1:I0->O            1   0.612   0.000  Madd_old_counter_1_add0000_cy<1>_rt (Madd_old_counter_1_add0000_cy<1>_rt)
     MUXCY:S->O            1   0.404   0.000  Madd_old_counter_1_add0000_cy<1> (Madd_old_counter_1_add0000_cy<1>)
     MUXCY:CI->O           1   0.051   0.000  Madd_old_counter_1_add0000_cy<2> (Madd_old_counter_1_add0000_cy<2>)
     MUXCY:CI->O           1   0.051   0.000  Madd_old_counter_1_add0000_cy<3> (Madd_old_counter_1_add0000_cy<3>)
     MUXCY:CI->O           1   0.051   0.000  Madd_old_counter_1_add0000_cy<4> (Madd_old_counter_1_add0000_cy<4>)
     MUXCY:CI->O           1   0.051   0.000  Madd_old_counter_1_add0000_cy<5> (Madd_old_counter_1_add0000_cy<5>)
     MUXCY:CI->O           1   0.051   0.000  Madd_old_counter_1_add0000_cy<6> (Madd_old_counter_1_add0000_cy<6>)
     MUXCY:CI->O           1   0.051   0.000  Madd_old_counter_1_add0000_cy<7> (Madd_old_counter_1_add0000_cy<7>)
     MUXCY:CI->O           1   0.051   0.000  Madd_old_counter_1_add0000_cy<8> (Madd_old_counter_1_add0000_cy<8>)
     MUXCY:CI->O           1   0.051   0.000  Madd_old_counter_1_add0000_cy<9> (Madd_old_counter_1_add0000_cy<9>)
     MUXCY:CI->O           1   0.051   0.000  Madd_old_counter_1_add0000_cy<10> (Madd_old_counter_1_add0000_cy<10>)
     MUXCY:CI->O           1   0.051   0.000  Madd_old_counter_1_add0000_cy<11> (Madd_old_counter_1_add0000_cy<11>)
     MUXCY:CI->O           1   0.051   0.000  Madd_old_counter_1_add0000_cy<12> (Madd_old_counter_1_add0000_cy<12>)
     MUXCY:CI->O           1   0.051   0.000  Madd_old_counter_1_add0000_cy<13> (Madd_old_counter_1_add0000_cy<13>)
     MUXCY:CI->O           1   0.051   0.000  Madd_old_counter_1_add0000_cy<14> (Madd_old_counter_1_add0000_cy<14>)
     MUXCY:CI->O           1   0.051   0.000  Madd_old_counter_1_add0000_cy<15> (Madd_old_counter_1_add0000_cy<15>)
     MUXCY:CI->O           1   0.051   0.000  Madd_old_counter_1_add0000_cy<16> (Madd_old_counter_1_add0000_cy<16>)
     MUXCY:CI->O           1   0.051   0.000  Madd_old_counter_1_add0000_cy<17> (Madd_old_counter_1_add0000_cy<17>)
     XORCY:CI->O           1   0.699   0.509  Madd_old_counter_1_add0000_xor<18> (old_counter_1_add0000<18>)
     LUT2:I0->O            1   0.612   0.000  counter_and00001_wg_lut<0> (counter_and00001_wg_lut<0>)
     MUXCY:S->O            1   0.404   0.000  counter_and00001_wg_cy<0> (counter_and00001_wg_cy<0>)
     MUXCY:CI->O           1   0.052   0.000  counter_and00001_wg_cy<1> (counter_and00001_wg_cy<1>)
     MUXCY:CI->O           1   0.052   0.000  counter_and00001_wg_cy<2> (counter_and00001_wg_cy<2>)
     MUXCY:CI->O           1   0.052   0.000  counter_and00001_wg_cy<3> (counter_and00001_wg_cy<3>)
     MUXCY:CI->O           1   0.052   0.000  counter_and00001_wg_cy<4> (counter_and00001_wg_cy<4>)
     MUXCY:CI->O           1   0.052   0.000  counter_and00001_wg_cy<5> (counter_and00001_wg_cy<5>)
     MUXCY:CI->O           5   0.399   0.607  counter_and00001_wg_cy<6> (counter_and00001_wg_cy<6>)
     LUT2:I1->O           26   0.612   1.071  counter_and00001 (counter_and0000)
     FDRE:R                    0.795          counter_0
    ----------------------------------------
    Total                      8.852ns (6.133ns logic, 2.719ns route)
                                       (69.3% logic, 30.7% route)

=========================================================================
Timing constraint: Default period analysis for Clock 'clock'
  Clock period: 3.408ns (frequency: 293.470MHz)
  Total number of paths / destination ports: 83 / 21
-------------------------------------------------------------------------
Delay:               3.408ns (Levels of Logic = 1)
  Source:            b_3 (FF)
  Destination:       b_1 (FF)
  Source Clock:      clock falling
  Destination Clock: clock falling

  Data Path: b_3 to b_1
                                Gate     Net
    Cell:in->out      fanout   Delay   Delay  Logical Name (Net Name)
    ----------------------------------------  ------------
     FDRE:C->Q            13   0.514   0.988  b_3 (b_3)
     LUT4:I0->O            4   0.612   0.499  b_and00001 (b_and0000)
     FDRE:R                    0.795          b_1
    ----------------------------------------
    Total                      3.408ns (1.921ns logic, 1.487ns route)
                                       (56.4% logic, 43.6% route)

=========================================================================
Timing constraint: Default period analysis for Clock 'flag'
  Clock period: 1.992ns (frequency: 502.096MHz)
  Total number of paths / destination ports: 3 / 3
-------------------------------------------------------------------------
Delay:               1.992ns (Levels of Logic = 1)
  Source:            reset (FF)
  Destination:       reset (FF)
  Source Clock:      flag rising
  Destination Clock: flag rising

  Data Path: reset to reset
                                Gate     Net
    Cell:in->out      fanout   Delay   Delay  Logical Name (Net Name)
    ----------------------------------------  ------------
     FD:C->Q               6   0.514   0.569  reset (reset)
     MUXF5:S->O            1   0.641   0.000  reset_mux0000_f5 (reset_mux0000)
     FD:D                      0.268          reset
    ----------------------------------------
    Total                      1.992ns (1.423ns logic, 0.569ns route)
                                       (71.4% logic, 28.6% route)

=========================================================================
Timing constraint: Default OFFSET IN BEFORE for Clock 'clock'
  Total number of paths / destination ports: 8 / 8
-------------------------------------------------------------------------
Offset:              2.017ns (Levels of Logic = 1)
  Source:            data (PAD)
  Destination:       data_curr_0 (FF)
  Destination Clock: clock falling

  Data Path: data to data_curr_0
                                Gate     Net
    Cell:in->out      fanout   Delay   Delay  Logical Name (Net Name)
    ----------------------------------------  ------------
     IBUF:I->O             8   1.106   0.643  data_IBUF (data_IBUF)
     FDE_1:D                   0.268          data_curr_0
    ----------------------------------------
    Total                      2.017ns (1.374ns logic, 0.643ns route)
                                       (68.1% logic, 31.9% route)

=========================================================================
Timing constraint: Default OFFSET OUT AFTER for Clock 'clock2'
  Total number of paths / destination ports: 4 / 4
-------------------------------------------------------------------------
Offset:              4.221ns (Levels of Logic = 1)
  Source:            led_0 (FF)
  Destination:       led<0> (PAD)
  Source Clock:      clock2 rising

  Data Path: led_0 to led<0>
                                Gate     Net
    Cell:in->out      fanout   Delay   Delay  Logical Name (Net Name)
    ----------------------------------------  ------------
     FD:C->Q               5   0.514   0.538  led_0 (led_0)
     OBUF:I->O                 3.169          led_0_OBUF (led<0>)
    ----------------------------------------
    Total                      4.221ns (3.683ns logic, 0.538ns route)
                                       (87.3% logic, 12.7% route)

=========================================================================


Total REAL time to Xst completion: 6.00 secs
Total CPU time to Xst completion: 6.35 secs
 
--> 

Total memory usage is 306048 kilobytes

Number of errors   :    0 (   0 filtered)
Number of warnings :    0 (   0 filtered)
Number of infos    :    1 (   0 filtered)

